<?xml version="1.0" encoding="UTF-8"?>
<!-- Generated by org.testng.reporters.JUnitReportReporter -->
<testsuite skipped="0" hostname="YY226163" name="www.testng.com.Grouping" tests="4" failures="0" timestamp="2022-05-30T18:55:15 IST" time="0.026" errors="0">
  <testcase name="search_Mobile" time="0.003" classname="www.testng.com.Grouping"/>
  <system-out/>
  <testcase name="verify" time="0.004" classname="www.testng.com.Grouping"/>
  <system-out/>
  <testcase name="closeBrowser" time="0.002" classname="www.testng.com.Grouping"/>
  <system-out/>
  <testcase name="Logout" time="0.017" classname="www.testng.com.Grouping"/>
  <system-out/>
</testsuite> <!-- www.testng.com.Grouping -->
