<?xml version="1.0" encoding="UTF-8"?>
<!-- Generated by org.testng.reporters.JUnitReportReporter -->
<testsuite skipped="0" hostname="YY226163" name="www.testng.com.ParallelTestNG" tests="3" failures="0" timestamp="2022-05-30T16:49:44 IST" time="0.034" errors="0">
  <testcase name="aMethod" time="0.024" classname="www.testng.com.ParallelTestNG"/>
  <system-out/>
  <testcase name="bMetho" time="0.003" classname="www.testng.com.ParallelTestNG"/>
  <system-out/>
  <testcase name="cMethod" time="0.007" classname="www.testng.com.ParallelTestNG"/>
  <system-out/>
</testsuite> <!-- www.testng.com.ParallelTestNG -->
