<?xml version="1.0" encoding="UTF-8"?>
<!-- Generated by org.testng.reporters.JUnitReportReporter -->
<testsuite skipped="0" hostname="YY226163" name="www.testng.com.Data_Provider" tests="3" failures="0" timestamp="2022-05-31T07:55:10 IST" time="0.024" errors="0">
  <testcase name="aMethod" time="0.002" classname="www.testng.com.Data_Provider"/>
  <system-out/>
  <testcase name="aMethod" time="0.003" classname="www.testng.com.Data_Provider"/>
  <system-out/>
  <testcase name="aMethod" time="0.019" classname="www.testng.com.Data_Provider"/>
  <system-out/>
</testsuite> <!-- www.testng.com.Data_Provider -->
