<?xml version="1.0" encoding="UTF-8"?>
<!-- Generated by org.testng.reporters.JUnitReportReporter -->
<testsuite skipped="1" hostname="YY226163" name="www.testng.com.TestngIgnore" tests="4" failures="0" timestamp="2022-05-26T22:42:35 IST" time="0.061" errors="0">
  <testcase name="eMethod" time="0.003" classname="www.testng.com.TestngIgnore"/>
  <system-out/>
  <testcase name="aMethod" time="0.051" classname="www.testng.com.TestngIgnore"/>
  <system-out/>
  <testcase name="cMethod" time="0.007" classname="www.testng.com.TestngIgnore"/>
  <system-out/>
  <testcase name="bMethod" classname="www.testng.com.TestngIgnore">
    <skipped/>
  </testcase> <!-- bMethod -->
  <system-out/>
</testsuite> <!-- www.testng.com.TestngIgnore -->
