<?xml version="1.0" encoding="UTF-8"?>
<!-- Generated by org.testng.reporters.JUnitReportReporter -->
<testsuite skipped="0" hostname="YY226163" name="www.testng.com.Testng" tests="2" failures="0" timestamp="2022-05-26T22:23:06 IST" time="0.045" errors="0">
  <testcase name="search_Laptop" time="0.037" classname="www.testng.com.Testng"/>
  <system-out/>
  <testcase name="search_Mobile" time="0.008" classname="www.testng.com.Testng"/>
  <system-out/>
</testsuite> <!-- www.testng.com.Testng -->
