<?xml version="1.0" encoding="UTF-8"?>
<!-- Generated by org.testng.reporters.JUnitReportReporter -->
<testsuite skipped="0" hostname="YY226163" name="www.testng.com.Priority" tests="5" failures="0" timestamp="2022-05-26T22:58:42 IST" time="0.109" errors="0">
  <testcase name="bMethod" time="0.064" classname="www.testng.com.Priority"/>
  <system-out/>
  <testcase name="eMethod" time="0.008" classname="www.testng.com.Priority"/>
  <system-out/>
  <testcase name="dMethod" time="0.007" classname="www.testng.com.Priority"/>
  <system-out/>
  <testcase name="aMethod" time="0.014" classname="www.testng.com.Priority"/>
  <system-out/>
  <testcase name="cMethod" time="0.016" classname="www.testng.com.Priority"/>
  <system-out/>
</testsuite> <!-- www.testng.com.Priority -->
