<?xml version="1.0" encoding="UTF-8"?>
<!-- Generated by org.testng.reporters.JUnitReportReporter -->
<testsuite skipped="0" hostname="YY226163" name="www.testng.com.InvocationCount" tests="8" failures="0" timestamp="2022-05-27T14:43:56 IST" time="0.043" errors="0">
  <testcase name="aMethod" time="0.026" classname="www.testng.com.InvocationCount"/>
  <system-out/>
  <testcase name="cMethod" time="0.003" classname="www.testng.com.InvocationCount"/>
  <system-out/>
  <testcase name="bMethod" time="0.002" classname="www.testng.com.InvocationCount"/>
  <system-out/>
  <testcase name="cMethod" time="0.002" classname="www.testng.com.InvocationCount"/>
  <system-out/>
  <testcase name="cMethod" time="0.004" classname="www.testng.com.InvocationCount"/>
  <system-out/>
  <testcase name="cMethod" time="0.002" classname="www.testng.com.InvocationCount"/>
  <system-out/>
  <testcase name="cMethod" time="0.002" classname="www.testng.com.InvocationCount"/>
  <system-out/>
  <testcase name="cMethod" time="0.002" classname="www.testng.com.InvocationCount"/>
  <system-out/>
</testsuite> <!-- www.testng.com.InvocationCount -->
